{"file": "request_handler.py", "func": "wrapper", "level": "INFO", "message": {"path": "/?"}, "module": "/home/tbog/Projects/flask-app/api/main/core/request_handler.py", "time": 1651805357.2565255}
{"file": "request_handler.py", "func": "wrapper", "level": "INFO", "message": {"path": "/?"}, "module": "/home/tbog/Projects/flask-app/api/main/core/request_handler.py", "time": 1651805504.0370173}
{"file": "request_handler.py", "func": "wrapper", "level": "INFO", "message": {"path": "/customer/create?"}, "module": "/home/tbog/Projects/flask-app/api/main/core/request_handler.py", "time": 1651809663.6192584}
{"file": "request_handler.py", "func": "wrapper", "level": "INFO", "message": {"path": "/customer/create?"}, "module": "/home/tbog/Projects/flask-app/api/main/core/request_handler.py", "time": 1651809709.2453537}
{"file": "request_handler.py", "func": "wrapper", "level": "ERROR", "message": {"error": "too many values to unpack (expected 2)"}, "module": "/home/tbog/Projects/flask-app/api/main/core/request_handler.py", "time": 1651809716.7882292}
{"file": "request_handler.py", "func": "wrapper", "level": "ERROR", "message": {"error": "too many values to unpack (expected 2)", "traceback": "Traceback (most recent call last):\n  File \"/home/tbog/Projects/flask-app/api/main/core/request_handler.py\", line 14, in wrapper\n    result = func(*args, **kwargs)\n  File \"/home/tbog/Projects/flask-app/api/endpoint/customer.py\", line 21, in create_customer\n    return customer.create()\n  File \"/home/tbog/Projects/flask-app/api/customer/customer.py\", line 81, in create\n    self.db_customer_data = self.__insert_customer()\n  File \"/home/tbog/Projects/flask-app/api/customer/customer.py\", line 55, in __insert_customer\n    for key, value in self.request_customer_data.to_dict():\nValueError: too many values to unpack (expected 2)\n"}, "module": "/home/tbog/Projects/flask-app/api/main/core/request_handler.py", "time": 1651809930.8366063}
{"file": "request_handler.py", "func": "wrapper", "level": "INFO", "message": {"path": "/customer/create?"}, "module": "/home/tbog/Projects/flask-app/api/main/core/request_handler.py", "time": 1651809981.85721}
{"file": "request_handler.py", "func": "wrapper", "level": "INFO", "message": {"path": "/customer/create?"}, "module": "/home/tbog/Projects/flask-app/api/main/core/request_handler.py", "time": 1651810203.073439}
{"file": "request_handler.py", "func": "wrapper", "level": "INFO", "message": {"path": "/customer/create?"}, "module": "/home/tbog/Projects/flask-app/api/main/core/request_handler.py", "time": 1651810208.2917335}
{"file": "request_handler.py", "func": "wrapper", "level": "INFO", "message": {"path": "/customer/create?"}, "module": "/home/tbog/Projects/flask-app/api/main/core/request_handler.py", "time": 1651810249.2993515}
{"file": "request_handler.py", "func": "wrapper", "level": "INFO", "message": {"path": "/customer/create?"}, "module": "/home/tbog/Projects/flask-app/api/main/core/request_handler.py", "time": 1651810322.1082382}
{"file": "request_handler.py", "func": "wrapper", "level": "INFO", "message": {"path": "/customer/create?"}, "module": "/home/tbog/Projects/flask-app/api/main/core/request_handler.py", "time": 1651810409.7233434}
{"file": "request_handler.py", "func": "wrapper", "level": "INFO", "message": {"path": "/customer/create?"}, "module": "/home/tbog/Projects/flask-app/api/main/core/request_handler.py", "time": 1651810590.778245}
{"file": "request_handler.py", "func": "wrapper", "level": "INFO", "message": {"path": "/customer/create?"}, "module": "/home/tbog/Projects/flask-app/api/main/core/request_handler.py", "time": 1651810600.144397}
{"file": "request_handler.py", "func": "wrapper", "level": "INFO", "message": {"path": "/customer/create?"}, "module": "/home/tbog/Projects/flask-app/api/main/core/request_handler.py", "time": 1651810621.1121655}
{"file": "request_handler.py", "func": "wrapper", "level": "INFO", "message": {"path": "/customer/create?"}, "module": "/home/tbog/Projects/flask-app/api/main/core/request_handler.py", "time": 1651810650.9695406}
{"file": "request_handler.py", "func": "wrapper", "level": "INFO", "message": {"path": "/customer/read?"}, "module": "/home/tbog/Projects/flask-app/api/main/core/request_handler.py", "time": 1651810694.8369985}
{"file": "request_handler.py", "func": "wrapper", "level": "INFO", "message": {"path": "/customer/read?"}, "module": "/home/tbog/Projects/flask-app/api/main/core/request_handler.py", "time": 1651810700.3212018}
{"file": "request_handler.py", "func": "wrapper", "level": "INFO", "message": {"path": "/customer/read?"}, "module": "/home/tbog/Projects/flask-app/api/main/core/request_handler.py", "time": 1651810708.7076762}
{"file": "request_handler.py", "func": "wrapper", "level": "INFO", "message": {"path": "/customer/read?"}, "module": "/home/tbog/Projects/flask-app/api/main/core/request_handler.py", "time": 1651810754.276126}
{"file": "request_handler.py", "func": "wrapper", "level": "INFO", "message": {"path": "/customer/read?"}, "module": "/home/tbog/Projects/flask-app/api/main/core/request_handler.py", "time": 1651810811.9576204}
{"file": "request_handler.py", "func": "wrapper", "level": "INFO", "message": {"path": "/customer/read?"}, "module": "/home/tbog/Projects/flask-app/api/main/core/request_handler.py", "time": 1651810967.1221063}
{"file": "request_handler.py", "func": "wrapper", "level": "INFO", "message": {"path": "/customer/read?"}, "module": "/home/tbog/Projects/flask-app/api/main/core/request_handler.py", "time": 1651810973.6933444}
{"file": "request_handler.py", "func": "wrapper", "level": "ERROR", "message": {"error": "too many values to unpack (expected 2)", "traceback": "Traceback (most recent call last):\n  File \"/home/tbog/Projects/flask-app/api/main/core/request_handler.py\", line 14, in wrapper\n    result = func(*args, **kwargs)\n  File \"/home/tbog/Projects/flask-app/api/endpoint/customer.py\", line 39, in update_cusomter\n    return customer.update()\n  File \"/home/tbog/Projects/flask-app/api/customer/customer.py\", line 116, in update\n    result = self.__update_customer(fields=[\"phone\", \"address\", \"name\"])\n  File \"/home/tbog/Projects/flask-app/api/customer/customer.py\", line 67, in __update_customer\n    for key, value in self.request_customer_data.to_dict():\nValueError: too many values to unpack (expected 2)\n"}, "module": "/home/tbog/Projects/flask-app/api/main/core/request_handler.py", "time": 1651811006.2092733}
{"file": "request_handler.py", "func": "wrapper", "level": "ERROR", "message": {"error": "too many values to unpack (expected 2)", "traceback": "Traceback (most recent call last):\n  File \"/home/tbog/Projects/flask-app/api/main/core/request_handler.py\", line 14, in wrapper\n    result = func(*args, **kwargs)\n  File \"/home/tbog/Projects/flask-app/api/endpoint/customer.py\", line 39, in update_cusomter\n    return customer.update()\n  File \"/home/tbog/Projects/flask-app/api/customer/customer.py\", line 116, in update\n    result = self.__update_customer(fields=[\"phone\", \"address\", \"name\"])\n  File \"/home/tbog/Projects/flask-app/api/customer/customer.py\", line 67, in __update_customer\n    for key, value in self.request_customer_data.to_dict().items():\nValueError: too many values to unpack (expected 2)\n"}, "module": "/home/tbog/Projects/flask-app/api/main/core/request_handler.py", "time": 1651811051.4346511}
{"file": "request_handler.py", "func": "wrapper", "level": "INFO", "message": {"path": "/customer/update?"}, "module": "/home/tbog/Projects/flask-app/api/main/core/request_handler.py", "time": 1651811056.7838817}
{"file": "request_handler.py", "func": "wrapper", "level": "INFO", "message": {"path": "/customer/update?"}, "module": "/home/tbog/Projects/flask-app/api/main/core/request_handler.py", "time": 1651811123.8395653}
{"file": "request_handler.py", "func": "wrapper", "level": "INFO", "message": {"path": "/customer/update?"}, "module": "/home/tbog/Projects/flask-app/api/main/core/request_handler.py", "time": 1651811131.6323507}
{"file": "request_handler.py", "func": "wrapper", "level": "INFO", "message": {"path": "/customer/update?"}, "module": "/home/tbog/Projects/flask-app/api/main/core/request_handler.py", "time": 1651811168.359818}
{"file": "request_handler.py", "func": "wrapper", "level": "INFO", "message": {"path": "/customer/update?"}, "module": "/home/tbog/Projects/flask-app/api/main/core/request_handler.py", "time": 1651811214.152998}
{"file": "request_handler.py", "func": "wrapper", "level": "INFO", "message": {"path": "/customer/update?"}, "module": "/home/tbog/Projects/flask-app/api/main/core/request_handler.py", "time": 1651811260.0327175}
{"file": "request_handler.py", "func": "wrapper", "level": "INFO", "message": {"path": "/customer/update?"}, "module": "/home/tbog/Projects/flask-app/api/main/core/request_handler.py", "time": 1651811269.151933}
{"file": "request_handler.py", "func": "wrapper", "level": "ERROR", "message": {"error": "'ModelCustomer' object has no attribute 'update'", "traceback": "Traceback (most recent call last):\n  File \"/home/tbog/Projects/flask-app/api/main/core/request_handler.py\", line 14, in wrapper\n    result = func(*args, **kwargs)\n  File \"/home/tbog/Projects/flask-app/api/endpoint/customer.py\", line 48, in delete_customer\n    return customer.delete()\n  File \"/home/tbog/Projects/flask-app/api/customer/customer.py\", line 134, in delete\n    self.request_customer_data.update(\"status\", \"deleted\")\nAttributeError: 'ModelCustomer' object has no attribute 'update'\n"}, "module": "/home/tbog/Projects/flask-app/api/main/core/request_handler.py", "time": 1651811322.5266674}
{"file": "request_handler.py", "func": "wrapper", "level": "INFO", "message": {"path": "/customer/delete?"}, "module": "/home/tbog/Projects/flask-app/api/main/core/request_handler.py", "time": 1651811412.4254067}
{"file": "request_handler.py", "func": "wrapper", "level": "INFO", "message": {"path": "/customer/create?"}, "module": "/home/tbog/Projects/flask-app/api/main/core/request_handler.py", "time": 1651811437.8134625}
{"file": "request_handler.py", "func": "wrapper", "level": "INFO", "message": {"path": "/customer/create?"}, "module": "/home/tbog/Projects/flask-app/api/main/core/request_handler.py", "time": 1651811454.1042652}
{"file": "request_handler.py", "func": "wrapper", "level": "INFO", "message": {"path": "/customer/create?"}, "module": "/home/tbog/Projects/flask-app/api/main/core/request_handler.py", "time": 1651811887.7417247}
{"file": "request_handler.py", "func": "wrapper", "level": "INFO", "message": {"path": "/customer/create?"}, "module": "/home/tbog/Projects/flask-app/api/main/core/request_handler.py", "time": 1651811919.3802388}
{"file": "request_handler.py", "func": "wrapper", "level": "INFO", "message": {"path": "/customer/create?"}, "module": "/app/api/main/core/request_handler.py", "time": 1652086361.964066}
